<?xml version="1.0" encoding="UTF-8"?>
<testng-results skipped="0" failed="0" ignored="0" total="1" passed="1">
  <reporter-output>
  </reporter-output>
  <suite name="Default suite" duration-ms="22678" started-at="2020-01-08T15:17:17 EAT" finished-at="2020-01-08T15:17:40 EAT">
    <groups>
    </groups>
    <test name="Default test" duration-ms="22678" started-at="2020-01-08T15:17:17 EAT" finished-at="2020-01-08T15:17:40 EAT">
      <class name="upgrade.NewTest">
        <test-method status="PASS" signature="testGuru99TakeScreenShot()[pri:0, instance:upgrade.NewTest@4671e53b]" name="testGuru99TakeScreenShot" duration-ms="22639" started-at="2020-01-08T15:17:17 EAT" finished-at="2020-01-08T15:17:40 EAT">
          <reporter-output>
          </reporter-output>
        </test-method> <!-- testGuru99TakeScreenShot -->
      </class> <!-- upgrade.NewTest -->
    </test> <!-- Default test -->
  </suite> <!-- Default suite -->
</testng-results>
